[0.007s] Invoking command in '/home/nikolai/Documents/ROS/diff_drive_robot/ws/build/nik_bot': CMAKE_PREFIX_PATH=${CMAKE_PREFIX_PATH}:/home/nikolai/Documents/ROS/catching_turtles_ros2/ws/install/python_pkg:/opt/ros/humble /usr/bin/cmake /home/nikolai/Documents/ROS/diff_drive_robot/ws/src/nik_bot -DCMAKE_INSTALL_PREFIX=/home/nikolai/Documents/ROS/diff_drive_robot/ws/install/nik_bot
[0.013s] -- Found ament_cmake: 1.3.4 (/opt/ros/humble/share/ament_cmake/cmake)
[0.089s] -- Override CMake install command with custom implementation using symlinks instead of copying resources
[0.093s] -- Found ament_lint_auto: 0.12.6 (/opt/ros/humble/share/ament_lint_auto/cmake)
[0.132s] -- Added test 'flake8' to check Python code syntax and style conventions
[0.132s] -- Added test 'lint_cmake' to check CMake code style
[0.132s] -- Added test 'pep257' to check Python code against some of the docstring style conventions in PEP 257
[0.132s] -- Added test 'xmllint' to check XML markup files
[0.133s] -- Configuring done
[0.134s] -- Generating done
[0.135s] -- Build files have been written to: /home/nikolai/Documents/ROS/diff_drive_robot/ws/build/nik_bot
[0.138s] Invoked command in '/home/nikolai/Documents/ROS/diff_drive_robot/ws/build/nik_bot' returned '0': CMAKE_PREFIX_PATH=${CMAKE_PREFIX_PATH}:/home/nikolai/Documents/ROS/catching_turtles_ros2/ws/install/python_pkg:/opt/ros/humble /usr/bin/cmake /home/nikolai/Documents/ROS/diff_drive_robot/ws/src/nik_bot -DCMAKE_INSTALL_PREFIX=/home/nikolai/Documents/ROS/diff_drive_robot/ws/install/nik_bot
[0.138s] Invoking command in '/home/nikolai/Documents/ROS/diff_drive_robot/ws/build/nik_bot': CMAKE_PREFIX_PATH=${CMAKE_PREFIX_PATH}:/home/nikolai/Documents/ROS/catching_turtles_ros2/ws/install/python_pkg:/opt/ros/humble /usr/bin/cmake --build /home/nikolai/Documents/ROS/diff_drive_robot/ws/build/nik_bot -- -j20 -l20
[0.155s] Invoked command in '/home/nikolai/Documents/ROS/diff_drive_robot/ws/build/nik_bot' returned '0': CMAKE_PREFIX_PATH=${CMAKE_PREFIX_PATH}:/home/nikolai/Documents/ROS/catching_turtles_ros2/ws/install/python_pkg:/opt/ros/humble /usr/bin/cmake --build /home/nikolai/Documents/ROS/diff_drive_robot/ws/build/nik_bot -- -j20 -l20
[0.169s] Invoking command in '/home/nikolai/Documents/ROS/diff_drive_robot/ws/build/nik_bot': CMAKE_PREFIX_PATH=${CMAKE_PREFIX_PATH}:/home/nikolai/Documents/ROS/catching_turtles_ros2/ws/install/python_pkg:/opt/ros/humble /usr/bin/cmake --install /home/nikolai/Documents/ROS/diff_drive_robot/ws/build/nik_bot
[0.175s] -- Install configuration: ""
[0.175s] -- Execute custom install script
[0.176s] -- Up-to-date symlink: /home/nikolai/Documents/ROS/diff_drive_robot/ws/install/nik_bot/share/nik_bot/description/gazebo_diff_control.xacro
[0.176s] -- Up-to-date symlink: /home/nikolai/Documents/ROS/diff_drive_robot/ws/install/nik_bot/share/nik_bot/description/inertial_macros.xacro
[0.176s] -- Up-to-date symlink: /home/nikolai/Documents/ROS/diff_drive_robot/ws/install/nik_bot/share/nik_bot/description/materials.xacro
[0.176s] -- Up-to-date symlink: /home/nikolai/Documents/ROS/diff_drive_robot/ws/install/nik_bot/share/nik_bot/description/nik_bot.urdf.xacro
[0.176s] -- Up-to-date symlink: /home/nikolai/Documents/ROS/diff_drive_robot/ws/install/nik_bot/share/nik_bot/description/nik_bot_core.xacro
[0.176s] -- Up-to-date symlink: /home/nikolai/Documents/ROS/diff_drive_robot/ws/install/nik_bot/share/nik_bot/launch/rsp.launch.py
[0.176s] -- Up-to-date symlink: /home/nikolai/Documents/ROS/diff_drive_robot/ws/install/nik_bot/share/nik_bot/launch/simulator.launch.py
[0.176s] -- Up-to-date symlink: /home/nikolai/Documents/ROS/diff_drive_robot/ws/install/nik_bot/share/ament_index/resource_index/package_run_dependencies/nik_bot
[0.176s] -- Up-to-date symlink: /home/nikolai/Documents/ROS/diff_drive_robot/ws/install/nik_bot/share/ament_index/resource_index/parent_prefix_path/nik_bot
[0.176s] -- Up-to-date symlink: /home/nikolai/Documents/ROS/diff_drive_robot/ws/install/nik_bot/share/nik_bot/environment/ament_prefix_path.sh
[0.176s] -- Up-to-date symlink: /home/nikolai/Documents/ROS/diff_drive_robot/ws/install/nik_bot/share/nik_bot/environment/ament_prefix_path.dsv
[0.176s] -- Up-to-date symlink: /home/nikolai/Documents/ROS/diff_drive_robot/ws/install/nik_bot/share/nik_bot/environment/path.sh
[0.176s] -- Up-to-date symlink: /home/nikolai/Documents/ROS/diff_drive_robot/ws/install/nik_bot/share/nik_bot/environment/path.dsv
[0.176s] -- Up-to-date symlink: /home/nikolai/Documents/ROS/diff_drive_robot/ws/install/nik_bot/share/nik_bot/local_setup.bash
[0.177s] -- Up-to-date symlink: /home/nikolai/Documents/ROS/diff_drive_robot/ws/install/nik_bot/share/nik_bot/local_setup.sh
[0.177s] -- Up-to-date symlink: /home/nikolai/Documents/ROS/diff_drive_robot/ws/install/nik_bot/share/nik_bot/local_setup.zsh
[0.177s] -- Up-to-date symlink: /home/nikolai/Documents/ROS/diff_drive_robot/ws/install/nik_bot/share/nik_bot/local_setup.dsv
[0.177s] -- Symlinking: /home/nikolai/Documents/ROS/diff_drive_robot/ws/install/nik_bot/share/nik_bot/package.dsv
[0.181s] -- Up-to-date symlink: /home/nikolai/Documents/ROS/diff_drive_robot/ws/install/nik_bot/share/ament_index/resource_index/packages/nik_bot
[0.181s] -- Up-to-date symlink: /home/nikolai/Documents/ROS/diff_drive_robot/ws/install/nik_bot/share/nik_bot/cmake/nik_botConfig.cmake
[0.181s] -- Up-to-date symlink: /home/nikolai/Documents/ROS/diff_drive_robot/ws/install/nik_bot/share/nik_bot/cmake/nik_botConfig-version.cmake
[0.181s] -- Up-to-date symlink: /home/nikolai/Documents/ROS/diff_drive_robot/ws/install/nik_bot/share/nik_bot/package.xml
[0.183s] Invoked command in '/home/nikolai/Documents/ROS/diff_drive_robot/ws/build/nik_bot' returned '0': CMAKE_PREFIX_PATH=${CMAKE_PREFIX_PATH}:/home/nikolai/Documents/ROS/catching_turtles_ros2/ws/install/python_pkg:/opt/ros/humble /usr/bin/cmake --install /home/nikolai/Documents/ROS/diff_drive_robot/ws/build/nik_bot
