[0.008s] Invoking command in '/home/nikolai/Documents/ROS/diff_drive_robot/ws/build/description': CMAKE_PREFIX_PATH=${CMAKE_PREFIX_PATH}:/home/nikolai/Documents/ROS/catching_turtles_ros2/ws/install/python_pkg:/opt/ros/humble /usr/bin/cmake --build /home/nikolai/Documents/ROS/diff_drive_robot/ws/build/description -- -j20 -l20
[0.019s] -- Found ament_cmake: 1.3.4 (/opt/ros/humble/share/ament_cmake/cmake)
[0.094s] -- Override CMake install command with custom implementation using symlinks instead of copying resources
[0.098s] -- Found ament_lint_auto: 0.12.6 (/opt/ros/humble/share/ament_lint_auto/cmake)
[0.136s] -- Added test 'flake8' to check Python code syntax and style conventions
[0.137s] -- Added test 'lint_cmake' to check CMake code style
[0.137s] -- Added test 'pep257' to check Python code against some of the docstring style conventions in PEP 257
[0.137s] -- Added test 'xmllint' to check XML markup files
[0.137s] -- Configuring done
[0.139s] -- Generating done
[0.139s] -- Build files have been written to: /home/nikolai/Documents/ROS/diff_drive_robot/ws/build/description
[0.151s] Invoked command in '/home/nikolai/Documents/ROS/diff_drive_robot/ws/build/description' returned '0': CMAKE_PREFIX_PATH=${CMAKE_PREFIX_PATH}:/home/nikolai/Documents/ROS/catching_turtles_ros2/ws/install/python_pkg:/opt/ros/humble /usr/bin/cmake --build /home/nikolai/Documents/ROS/diff_drive_robot/ws/build/description -- -j20 -l20
[0.165s] Invoking command in '/home/nikolai/Documents/ROS/diff_drive_robot/ws/build/description': CMAKE_PREFIX_PATH=${CMAKE_PREFIX_PATH}:/home/nikolai/Documents/ROS/catching_turtles_ros2/ws/install/python_pkg:/opt/ros/humble /usr/bin/cmake --install /home/nikolai/Documents/ROS/diff_drive_robot/ws/build/description
[0.168s] -- Install configuration: ""
[0.169s] -- Execute custom install script
[0.169s] -- Up-to-date symlink: /home/nikolai/Documents/ROS/diff_drive_robot/ws/install/description/share/description/description/inertial_macros.xacro
[0.169s] -- Up-to-date symlink: /home/nikolai/Documents/ROS/diff_drive_robot/ws/install/description/share/description/description/materials.xacro
[0.169s] -- Up-to-date symlink: /home/nikolai/Documents/ROS/diff_drive_robot/ws/install/description/share/description/description/nik_bot.urdf.xacro
[0.169s] -- Up-to-date symlink: /home/nikolai/Documents/ROS/diff_drive_robot/ws/install/description/share/description/description/nik_bot_core.xacro
[0.169s] -- Up-to-date symlink: /home/nikolai/Documents/ROS/diff_drive_robot/ws/install/description/share/description/launch/display.launch.py
[0.169s] -- Up-to-date symlink: /home/nikolai/Documents/ROS/diff_drive_robot/ws/install/description/share/ament_index/resource_index/package_run_dependencies/description
[0.169s] -- Up-to-date symlink: /home/nikolai/Documents/ROS/diff_drive_robot/ws/install/description/share/ament_index/resource_index/parent_prefix_path/description
[0.169s] -- Up-to-date symlink: /home/nikolai/Documents/ROS/diff_drive_robot/ws/install/description/share/description/environment/ament_prefix_path.sh
[0.169s] -- Up-to-date symlink: /home/nikolai/Documents/ROS/diff_drive_robot/ws/install/description/share/description/environment/ament_prefix_path.dsv
[0.169s] -- Up-to-date symlink: /home/nikolai/Documents/ROS/diff_drive_robot/ws/install/description/share/description/environment/path.sh
[0.169s] -- Up-to-date symlink: /home/nikolai/Documents/ROS/diff_drive_robot/ws/install/description/share/description/environment/path.dsv
[0.170s] -- Up-to-date symlink: /home/nikolai/Documents/ROS/diff_drive_robot/ws/install/description/share/description/local_setup.bash
[0.170s] -- Up-to-date symlink: /home/nikolai/Documents/ROS/diff_drive_robot/ws/install/description/share/description/local_setup.sh
[0.170s] -- Up-to-date symlink: /home/nikolai/Documents/ROS/diff_drive_robot/ws/install/description/share/description/local_setup.zsh
[0.170s] -- Up-to-date symlink: /home/nikolai/Documents/ROS/diff_drive_robot/ws/install/description/share/description/local_setup.dsv
[0.170s] -- Symlinking: /home/nikolai/Documents/ROS/diff_drive_robot/ws/install/description/share/description/package.dsv
[0.174s] -- Up-to-date symlink: /home/nikolai/Documents/ROS/diff_drive_robot/ws/install/description/share/ament_index/resource_index/packages/description
[0.174s] -- Up-to-date symlink: /home/nikolai/Documents/ROS/diff_drive_robot/ws/install/description/share/description/cmake/descriptionConfig.cmake
[0.174s] -- Up-to-date symlink: /home/nikolai/Documents/ROS/diff_drive_robot/ws/install/description/share/description/cmake/descriptionConfig-version.cmake
[0.174s] -- Up-to-date symlink: /home/nikolai/Documents/ROS/diff_drive_robot/ws/install/description/share/description/package.xml
[0.175s] Invoked command in '/home/nikolai/Documents/ROS/diff_drive_robot/ws/build/description' returned '0': CMAKE_PREFIX_PATH=${CMAKE_PREFIX_PATH}:/home/nikolai/Documents/ROS/catching_turtles_ros2/ws/install/python_pkg:/opt/ros/humble /usr/bin/cmake --install /home/nikolai/Documents/ROS/diff_drive_robot/ws/build/description
