[0.008s] Invoking command in '/home/nikolai/Documents/ROS/diff_drive_robot/ws/build/description': CMAKE_PREFIX_PATH=${CMAKE_PREFIX_PATH}:/home/nikolai/Documents/ROS/catching_turtles_ros2/ws/install/python_pkg:/opt/ros/humble /usr/bin/cmake --build /home/nikolai/Documents/ROS/diff_drive_robot/ws/build/description -- -j20 -l20
[0.026s] Invoked command in '/home/nikolai/Documents/ROS/diff_drive_robot/ws/build/description' returned '0': CMAKE_PREFIX_PATH=${CMAKE_PREFIX_PATH}:/home/nikolai/Documents/ROS/catching_turtles_ros2/ws/install/python_pkg:/opt/ros/humble /usr/bin/cmake --build /home/nikolai/Documents/ROS/diff_drive_robot/ws/build/description -- -j20 -l20
[0.041s] Invoking command in '/home/nikolai/Documents/ROS/diff_drive_robot/ws/build/description': CMAKE_PREFIX_PATH=${CMAKE_PREFIX_PATH}:/home/nikolai/Documents/ROS/catching_turtles_ros2/ws/install/python_pkg:/opt/ros/humble /usr/bin/cmake --install /home/nikolai/Documents/ROS/diff_drive_robot/ws/build/description
[0.044s] -- Install configuration: ""
[0.044s] -- Execute custom install script
[0.044s] -- Up-to-date symlink: /home/nikolai/Documents/ROS/diff_drive_robot/ws/install/description/share/description/description/inertial_macros.xacro
[0.044s] -- Up-to-date symlink: /home/nikolai/Documents/ROS/diff_drive_robot/ws/install/description/share/description/description/materials.xacro
[0.044s] -- Up-to-date symlink: /home/nikolai/Documents/ROS/diff_drive_robot/ws/install/description/share/description/description/nik_bot.urdf.xacro
[0.045s] -- Up-to-date symlink: /home/nikolai/Documents/ROS/diff_drive_robot/ws/install/description/share/description/description/nik_bot_core.xacro
[0.045s] -- Up-to-date symlink: /home/nikolai/Documents/ROS/diff_drive_robot/ws/install/description/share/description/launch/display.launch.py
[0.045s] -- Up-to-date symlink: /home/nikolai/Documents/ROS/diff_drive_robot/ws/install/description/share/ament_index/resource_index/package_run_dependencies/description
[0.045s] -- Up-to-date symlink: /home/nikolai/Documents/ROS/diff_drive_robot/ws/install/description/share/ament_index/resource_index/parent_prefix_path/description
[0.045s] -- Up-to-date symlink: /home/nikolai/Documents/ROS/diff_drive_robot/ws/install/description/share/description/environment/ament_prefix_path.sh
[0.045s] -- Up-to-date symlink: /home/nikolai/Documents/ROS/diff_drive_robot/ws/install/description/share/description/environment/ament_prefix_path.dsv
[0.045s] -- Up-to-date symlink: /home/nikolai/Documents/ROS/diff_drive_robot/ws/install/description/share/description/environment/path.sh
[0.045s] -- Up-to-date symlink: /home/nikolai/Documents/ROS/diff_drive_robot/ws/install/description/share/description/environment/path.dsv
[0.045s] -- Up-to-date symlink: /home/nikolai/Documents/ROS/diff_drive_robot/ws/install/description/share/description/local_setup.bash
[0.045s] -- Up-to-date symlink: /home/nikolai/Documents/ROS/diff_drive_robot/ws/install/description/share/description/local_setup.sh
[0.045s] -- Up-to-date symlink: /home/nikolai/Documents/ROS/diff_drive_robot/ws/install/description/share/description/local_setup.zsh
[0.045s] -- Up-to-date symlink: /home/nikolai/Documents/ROS/diff_drive_robot/ws/install/description/share/description/local_setup.dsv
[0.045s] -- Symlinking: /home/nikolai/Documents/ROS/diff_drive_robot/ws/install/description/share/description/package.dsv
[0.049s] -- Up-to-date symlink: /home/nikolai/Documents/ROS/diff_drive_robot/ws/install/description/share/ament_index/resource_index/packages/description
[0.049s] -- Up-to-date symlink: /home/nikolai/Documents/ROS/diff_drive_robot/ws/install/description/share/description/cmake/descriptionConfig.cmake
[0.050s] -- Up-to-date symlink: /home/nikolai/Documents/ROS/diff_drive_robot/ws/install/description/share/description/cmake/descriptionConfig-version.cmake
[0.050s] -- Up-to-date symlink: /home/nikolai/Documents/ROS/diff_drive_robot/ws/install/description/share/description/package.xml
[0.051s] Invoked command in '/home/nikolai/Documents/ROS/diff_drive_robot/ws/build/description' returned '0': CMAKE_PREFIX_PATH=${CMAKE_PREFIX_PATH}:/home/nikolai/Documents/ROS/catching_turtles_ros2/ws/install/python_pkg:/opt/ros/humble /usr/bin/cmake --install /home/nikolai/Documents/ROS/diff_drive_robot/ws/build/description
