[0.008s] Invoking command in '/home/nikolai/Documents/ROS/diff_drive_robot/ws/build/description': CMAKE_PREFIX_PATH=${CMAKE_PREFIX_PATH}:/home/nikolai/Documents/ROS/catching_turtles_ros2/ws/install/python_pkg:/opt/ros/humble /usr/bin/cmake /home/nikolai/Documents/ROS/diff_drive_robot/ws/src/description -DCMAKE_INSTALL_PREFIX=/home/nikolai/Documents/ROS/diff_drive_robot/ws/install/description
[0.036s] -- The C compiler identification is GNU 11.4.0
[0.069s] -- The CXX compiler identification is GNU 11.4.0
[0.073s] -- Detecting C compiler ABI info
[0.112s] -- Detecting C compiler ABI info - done
[0.118s] -- Check for working C compiler: /usr/bin/cc - skipped
[0.119s] -- Detecting C compile features
[0.119s] -- Detecting C compile features - done
[0.121s] -- Detecting CXX compiler ABI info
[0.167s] -- Detecting CXX compiler ABI info - done
[0.171s] -- Check for working CXX compiler: /usr/bin/c++ - skipped
[0.171s] -- Detecting CXX compile features
[0.171s] -- Detecting CXX compile features - done
[0.172s] -- Found ament_cmake: 1.3.4 (/opt/ros/humble/share/ament_cmake/cmake)
[0.267s] -- Found Python3: /usr/bin/python3.10 (found version "3.10.12") found components: Interpreter 
[0.313s] -- Found ament_lint_auto: 0.12.6 (/opt/ros/humble/share/ament_lint_auto/cmake)
[0.355s] -- Added test 'flake8' to check Python code syntax and style conventions
[0.355s] -- Added test 'lint_cmake' to check CMake code style
[0.355s] -- Added test 'pep257' to check Python code against some of the docstring style conventions in PEP 257
[0.356s] -- Added test 'xmllint' to check XML markup files
[0.357s] -- Configuring done
[0.358s] -- Generating done
[0.358s] -- Build files have been written to: /home/nikolai/Documents/ROS/diff_drive_robot/ws/build/description
[0.362s] Invoked command in '/home/nikolai/Documents/ROS/diff_drive_robot/ws/build/description' returned '0': CMAKE_PREFIX_PATH=${CMAKE_PREFIX_PATH}:/home/nikolai/Documents/ROS/catching_turtles_ros2/ws/install/python_pkg:/opt/ros/humble /usr/bin/cmake /home/nikolai/Documents/ROS/diff_drive_robot/ws/src/description -DCMAKE_INSTALL_PREFIX=/home/nikolai/Documents/ROS/diff_drive_robot/ws/install/description
[0.363s] Invoking command in '/home/nikolai/Documents/ROS/diff_drive_robot/ws/build/description': CMAKE_PREFIX_PATH=${CMAKE_PREFIX_PATH}:/home/nikolai/Documents/ROS/catching_turtles_ros2/ws/install/python_pkg:/opt/ros/humble /usr/bin/cmake --build /home/nikolai/Documents/ROS/diff_drive_robot/ws/build/description -- -j20 -l20
[0.381s] Invoked command in '/home/nikolai/Documents/ROS/diff_drive_robot/ws/build/description' returned '0': CMAKE_PREFIX_PATH=${CMAKE_PREFIX_PATH}:/home/nikolai/Documents/ROS/catching_turtles_ros2/ws/install/python_pkg:/opt/ros/humble /usr/bin/cmake --build /home/nikolai/Documents/ROS/diff_drive_robot/ws/build/description -- -j20 -l20
[0.395s] Invoking command in '/home/nikolai/Documents/ROS/diff_drive_robot/ws/build/description': CMAKE_PREFIX_PATH=${CMAKE_PREFIX_PATH}:/home/nikolai/Documents/ROS/catching_turtles_ros2/ws/install/python_pkg:/opt/ros/humble /usr/bin/cmake --install /home/nikolai/Documents/ROS/diff_drive_robot/ws/build/description
[0.398s] -- Install configuration: ""
[0.398s] -- Installing: /home/nikolai/Documents/ROS/diff_drive_robot/ws/install/description/share/description/description
[0.398s] -- Installing: /home/nikolai/Documents/ROS/diff_drive_robot/ws/install/description/share/description/description/nik_bot_core.xacro
[0.398s] -- Installing: /home/nikolai/Documents/ROS/diff_drive_robot/ws/install/description/share/description/description/materials.xacro
[0.398s] -- Installing: /home/nikolai/Documents/ROS/diff_drive_robot/ws/install/description/share/description/description/nik_bot.urdf.xacro
[0.398s] -- Installing: /home/nikolai/Documents/ROS/diff_drive_robot/ws/install/description/share/description/launch
[0.398s] -- Installing: /home/nikolai/Documents/ROS/diff_drive_robot/ws/install/description/share/description/launch/display.launch.py
[0.398s] -- Installing: /home/nikolai/Documents/ROS/diff_drive_robot/ws/install/description/share/ament_index/resource_index/package_run_dependencies/description
[0.399s] -- Installing: /home/nikolai/Documents/ROS/diff_drive_robot/ws/install/description/share/ament_index/resource_index/parent_prefix_path/description
[0.399s] -- Installing: /home/nikolai/Documents/ROS/diff_drive_robot/ws/install/description/share/description/environment/ament_prefix_path.sh
[0.399s] -- Installing: /home/nikolai/Documents/ROS/diff_drive_robot/ws/install/description/share/description/environment/ament_prefix_path.dsv
[0.399s] -- Installing: /home/nikolai/Documents/ROS/diff_drive_robot/ws/install/description/share/description/environment/path.sh
[0.399s] -- Installing: /home/nikolai/Documents/ROS/diff_drive_robot/ws/install/description/share/description/environment/path.dsv
[0.399s] -- Installing: /home/nikolai/Documents/ROS/diff_drive_robot/ws/install/description/share/description/local_setup.bash
[0.399s] -- Installing: /home/nikolai/Documents/ROS/diff_drive_robot/ws/install/description/share/description/local_setup.sh
[0.399s] -- Installing: /home/nikolai/Documents/ROS/diff_drive_robot/ws/install/description/share/description/local_setup.zsh
[0.399s] -- Installing: /home/nikolai/Documents/ROS/diff_drive_robot/ws/install/description/share/description/local_setup.dsv
[0.399s] -- Installing: /home/nikolai/Documents/ROS/diff_drive_robot/ws/install/description/share/description/package.dsv
[0.399s] -- Installing: /home/nikolai/Documents/ROS/diff_drive_robot/ws/install/description/share/ament_index/resource_index/packages/description
[0.400s] -- Installing: /home/nikolai/Documents/ROS/diff_drive_robot/ws/install/description/share/description/cmake/descriptionConfig.cmake
[0.400s] -- Installing: /home/nikolai/Documents/ROS/diff_drive_robot/ws/install/description/share/description/cmake/descriptionConfig-version.cmake
[0.400s] -- Installing: /home/nikolai/Documents/ROS/diff_drive_robot/ws/install/description/share/description/package.xml
[0.401s] Invoked command in '/home/nikolai/Documents/ROS/diff_drive_robot/ws/build/description' returned '0': CMAKE_PREFIX_PATH=${CMAKE_PREFIX_PATH}:/home/nikolai/Documents/ROS/catching_turtles_ros2/ws/install/python_pkg:/opt/ros/humble /usr/bin/cmake --install /home/nikolai/Documents/ROS/diff_drive_robot/ws/build/description
