[0.008s] Invoking command in '/home/nikolai/Documents/ROS/diff_drive_robot/ws/build/description': CMAKE_PREFIX_PATH=${CMAKE_PREFIX_PATH}:/home/nikolai/Documents/ROS/catching_turtles_ros2/ws/install/python_pkg:/opt/ros/humble /usr/bin/cmake /home/nikolai/Documents/ROS/diff_drive_robot/ws/src/description -DAMENT_CMAKE_SYMLINK_INSTALL=1 -DCMAKE_INSTALL_PREFIX=/home/nikolai/Documents/ROS/diff_drive_robot/ws/install/description
[0.015s] -- Found ament_cmake: 1.3.4 (/opt/ros/humble/share/ament_cmake/cmake)
[0.090s] -- Override CMake install command with custom implementation using symlinks instead of copying resources
[0.095s] -- Found ament_lint_auto: 0.12.6 (/opt/ros/humble/share/ament_lint_auto/cmake)
[0.133s] -- Added test 'flake8' to check Python code syntax and style conventions
[0.133s] -- Added test 'lint_cmake' to check CMake code style
[0.133s] -- Added test 'pep257' to check Python code against some of the docstring style conventions in PEP 257
[0.133s] -- Added test 'xmllint' to check XML markup files
[0.134s] -- Configuring done
[0.135s] -- Generating done
[0.136s] -- Build files have been written to: /home/nikolai/Documents/ROS/diff_drive_robot/ws/build/description
[0.137s] Invoked command in '/home/nikolai/Documents/ROS/diff_drive_robot/ws/build/description' returned '0': CMAKE_PREFIX_PATH=${CMAKE_PREFIX_PATH}:/home/nikolai/Documents/ROS/catching_turtles_ros2/ws/install/python_pkg:/opt/ros/humble /usr/bin/cmake /home/nikolai/Documents/ROS/diff_drive_robot/ws/src/description -DAMENT_CMAKE_SYMLINK_INSTALL=1 -DCMAKE_INSTALL_PREFIX=/home/nikolai/Documents/ROS/diff_drive_robot/ws/install/description
[0.139s] Invoking command in '/home/nikolai/Documents/ROS/diff_drive_robot/ws/build/description': CMAKE_PREFIX_PATH=${CMAKE_PREFIX_PATH}:/home/nikolai/Documents/ROS/catching_turtles_ros2/ws/install/python_pkg:/opt/ros/humble /usr/bin/cmake --build /home/nikolai/Documents/ROS/diff_drive_robot/ws/build/description -- -j20 -l20
[0.158s] Invoked command in '/home/nikolai/Documents/ROS/diff_drive_robot/ws/build/description' returned '0': CMAKE_PREFIX_PATH=${CMAKE_PREFIX_PATH}:/home/nikolai/Documents/ROS/catching_turtles_ros2/ws/install/python_pkg:/opt/ros/humble /usr/bin/cmake --build /home/nikolai/Documents/ROS/diff_drive_robot/ws/build/description -- -j20 -l20
[0.174s] Invoking command in '/home/nikolai/Documents/ROS/diff_drive_robot/ws/build/description': CMAKE_PREFIX_PATH=${CMAKE_PREFIX_PATH}:/home/nikolai/Documents/ROS/catching_turtles_ros2/ws/install/python_pkg:/opt/ros/humble /usr/bin/cmake --install /home/nikolai/Documents/ROS/diff_drive_robot/ws/build/description
[0.179s] -- Install configuration: ""
[0.179s] -- Execute custom install script
[0.179s] -- Symlinking: /home/nikolai/Documents/ROS/diff_drive_robot/ws/install/description/share/description/description/materials.xacro
[0.183s] -- Symlinking: /home/nikolai/Documents/ROS/diff_drive_robot/ws/install/description/share/description/description/nik_bot.urdf.xacro
[0.187s] -- Symlinking: /home/nikolai/Documents/ROS/diff_drive_robot/ws/install/description/share/description/description/nik_bot_core.xacro
[0.192s] -- Symlinking: /home/nikolai/Documents/ROS/diff_drive_robot/ws/install/description/share/description/launch/display.launch.py
[0.196s] -- Symlinking: /home/nikolai/Documents/ROS/diff_drive_robot/ws/install/description/share/ament_index/resource_index/package_run_dependencies/description
[0.200s] -- Symlinking: /home/nikolai/Documents/ROS/diff_drive_robot/ws/install/description/share/ament_index/resource_index/parent_prefix_path/description
[0.203s] -- Symlinking: /home/nikolai/Documents/ROS/diff_drive_robot/ws/install/description/share/description/environment/ament_prefix_path.sh
[0.207s] -- Symlinking: /home/nikolai/Documents/ROS/diff_drive_robot/ws/install/description/share/description/environment/ament_prefix_path.dsv
[0.210s] -- Symlinking: /home/nikolai/Documents/ROS/diff_drive_robot/ws/install/description/share/description/environment/path.sh
[0.214s] -- Symlinking: /home/nikolai/Documents/ROS/diff_drive_robot/ws/install/description/share/description/environment/path.dsv
[0.218s] -- Symlinking: /home/nikolai/Documents/ROS/diff_drive_robot/ws/install/description/share/description/local_setup.bash
[0.222s] -- Symlinking: /home/nikolai/Documents/ROS/diff_drive_robot/ws/install/description/share/description/local_setup.sh
[0.226s] -- Symlinking: /home/nikolai/Documents/ROS/diff_drive_robot/ws/install/description/share/description/local_setup.zsh
[0.230s] -- Symlinking: /home/nikolai/Documents/ROS/diff_drive_robot/ws/install/description/share/description/local_setup.dsv
[0.233s] -- Symlinking: /home/nikolai/Documents/ROS/diff_drive_robot/ws/install/description/share/description/package.dsv
[0.237s] -- Symlinking: /home/nikolai/Documents/ROS/diff_drive_robot/ws/install/description/share/ament_index/resource_index/packages/description
[0.241s] -- Symlinking: /home/nikolai/Documents/ROS/diff_drive_robot/ws/install/description/share/description/cmake/descriptionConfig.cmake
[0.244s] -- Symlinking: /home/nikolai/Documents/ROS/diff_drive_robot/ws/install/description/share/description/cmake/descriptionConfig-version.cmake
[0.248s] -- Symlinking: /home/nikolai/Documents/ROS/diff_drive_robot/ws/install/description/share/description/package.xml
[0.253s] Invoked command in '/home/nikolai/Documents/ROS/diff_drive_robot/ws/build/description' returned '0': CMAKE_PREFIX_PATH=${CMAKE_PREFIX_PATH}:/home/nikolai/Documents/ROS/catching_turtles_ros2/ws/install/python_pkg:/opt/ros/humble /usr/bin/cmake --install /home/nikolai/Documents/ROS/diff_drive_robot/ws/build/description
